{"PayloadData1": "Target: OOPS.NET\\OOPS-WORKSTATION_6$", "PayloadData2": "LogonType 3", "PayloadData3": "LogonId: 0X33E894", "UserName": "-\\-", "RemoteHost": "- (172.26.163.227)", "ExecutableInfo": "-", "MapDescription": "Successful logon", "ChunkNumber": 0, "Computer": "OOPS-DC.oops.net", "Payload": "{\"EventData\": {\"Data\": [{\"@Name\": \"SubjectUserSid\", \"#text\": \"S-1-0-0\"}, {\"@Name\": \"SubjectUserName\", \"#text\": \"-\"}, {\"@Name\": \"SubjectDomainName\", \"#text\": \"-\"}, {\"@Name\": \"SubjectLogonId\", \"#text\": \"0x0\"}, {\"@Name\": \"TargetUserSid\", \"#text\": \"S-1-5-21-6555176-542406784-1292789138-1257\"}, {\"@Name\": \"TargetUserName\", \"#text\": \"OOPS-WORKSTATION_6$\"}, {\"@Name\": \"TargetDomainName\", \"#text\": \"OOPS.NET\"}, {\"@Name\": \"TargetLogonId\", \"#text\": \"0X33E894\"}, {\"@Name\": \"LogonType\", \"#text\": \"3\"}, {\"@Name\": \"LogonProcessName\", \"#text\": \"Kerberos\"}, {\"@Name\": \"AuthenticationPackageName\", \"#text\": \"Kerberos\"}, {\"@Name\": \"WorkstationName\", \"#text\": \"-\"}, {\"@Name\": \"LogonGuid\", \"#text\": \"0c5439fa-b398-4412-8c38-015defbc5d54\"}, {\"@Name\": \"TransmittedServices\", \"#text\": \"-\"}, {\"@Name\": \"LmPackageName\", \"#text\": \"-\"}, {\"@Name\": \"KeyLength\", \"#text\": \"0\"}, {\"@Name\": \"ProcessId\", \"#text\": \"0x0\"}, {\"@Name\": \"ProcessName\", \"#text\": \"-\"}, {\"@Name\": \"IpAddress\", \"#text\": \"172.26.163.227\"}, {\"@Name\": \"IpPort\", \"#text\": \"28755\"}, {\"@Name\": \"ImpersonationLevel\", \"#text\": \"%%1833\"}, {\"@Name\": \"RestrictedAdminMode\", \"#text\": \"-\"}, {\"@Name\": \"TargetOutboundUserName\", \"#text\": \"-\"}, {\"@Name\": \"TargetOutboundDomainName\", \"#text\": \"-\"}, {\"@Name\": \"VirtualAccount\", \"#text\": \"%%1843\"}, {\"@Name\": \"TargetLinkedLogonId\", \"#text\": \"0x0\"}, {\"@Name\": \"ElevatedToken\", \"#text\": \"%%1842\"}]}}", "Channel": "Security", "Provider": "Microsoft-Windows-Security-Auditing", "EventId": 4624, "EventRecordId": "6559", "ProcessId": 699, "ThreadId": 3073, "Level": "LogAlways", "Keywords": "Audit success", "SourceFile": "C:\\Windows\\system32\\winevt\\Logs\\Security.evtx", "ExtraDataOffset": 0, "HiddenRecord": false, "TimeCreated": "2021-03-16T15:33:12.3984635+00:00", "RecordNumber": "6559"}
{"PayloadData1": "Target: OOPS.NET\\rodriguez.randy", "PayloadData2": "LogonType 3", "PayloadData3": "LogonId: 0X33E8A1", "UserName": "-\\-", "RemoteHost": "- (172.26.163.227)", "ExecutableInfo": "-", "MapDescription": "Successful logon", "ChunkNumber": 0, "Computer": "OOPS-DC.oops.net", "Payload": "{\"EventData\": {\"Data\": [{\"@Name\": \"SubjectUserSid\", \"#text\": \"S-1-0-0\"}, {\"@Name\": \"SubjectUserName\", \"#text\": \"-\"}, {\"@Name\": \"SubjectDomainName\", \"#text\": \"-\"}, {\"@Name\": \"SubjectLogonId\", \"#text\": \"0x0\"}, {\"@Name\": \"TargetUserSid\", \"#text\": \"S-1-5-21-6555176-542406784-1292789138-1148\"}, {\"@Name\": \"TargetUserName\", \"#text\": \"rodriguez.randy\"}, {\"@Name\": \"TargetDomainName\", \"#text\": \"OOPS.NET\"}, {\"@Name\": \"TargetLogonId\", \"#text\": \"0X33E8A1\"}, {\"@Name\": \"LogonType\", \"#text\": \"3\"}, {\"@Name\": \"LogonProcessName\", \"#text\": \"Kerberos\"}, {\"@Name\": \"AuthenticationPackageName\", \"#text\": \"Kerberos\"}, {\"@Name\": \"WorkstationName\", \"#text\": \"-\"}, {\"@Name\": \"LogonGuid\", \"#text\": \"68cbcb5b-5b63-4a5c-89f8-a06f20252dcd\"}, {\"@Name\": \"TransmittedServices\", \"#text\": \"-\"}, {\"@Name\": \"LmPackageName\", \"#text\": \"-\"}, {\"@Name\": \"KeyLength\", \"#text\": \"0\"}, {\"@Name\": \"ProcessId\", \"#text\": \"0x0\"}, {\"@Name\": \"ProcessName\", \"#text\": \"-\"}, {\"@Name\": \"IpAddress\", \"#text\": \"172.26.163.227\"}, {\"@Name\": \"IpPort\", \"#text\": \"28757\"}, {\"@Name\": \"ImpersonationLevel\", \"#text\": \"%%1833\"}, {\"@Name\": \"RestrictedAdminMode\", \"#text\": \"-\"}, {\"@Name\": \"TargetOutboundUserName\", \"#text\": \"-\"}, {\"@Name\": \"TargetOutboundDomainName\", \"#text\": \"-\"}, {\"@Name\": \"VirtualAccount\", \"#text\": \"%%1843\"}, {\"@Name\": \"TargetLinkedLogonId\", \"#text\": \"0x0\"}, {\"@Name\": \"ElevatedToken\", \"#text\": \"%%1842\"}]}}", "Channel": "Security", "Provider": "Microsoft-Windows-Security-Auditing", "EventId": 4624, "EventRecordId": "6562", "ProcessId": 699, "ThreadId": 7615, "Level": "LogAlways", "Keywords": "Audit success", "SourceFile": "C:\\Windows\\system32\\winevt\\Logs\\Security.evtx", "ExtraDataOffset": 0, "HiddenRecord": false, "TimeCreated": "2021-03-16T15:33:12.4334921+00:00", "RecordNumber": "6562"}
{"PayloadData1": "Target: OOPS\\OOPS-WORKSTATION_6$", "PayloadData2": "LogonType 3", "PayloadData3": "LogonId: 0X33E894", "MapDescription": "An account was logged off", "ChunkNumber": 0, "Computer": "OOPS-DC.oops.net", "Payload": "{\"EventData\": {\"Data\": [{\"@Name\": \"TargetUserSid\", \"#text\": \"S-1-5-21-6555176-542406784-1292789138-1257\"}, {\"@Name\": \"TargetUserName\", \"#text\": \"OOPS-WORKSTATION_6$\"}, {\"@Name\": \"TargetDomainName\", \"#text\": \"OOPS\"}, {\"@Name\": \"TargetLogonId\", \"#text\": \"0X33E894\"}, {\"@Name\": \"LogonType\", \"#text\": \"3\"}]}}", "Channel": "Security", "Provider": "Microsoft-Windows-Security-Auditing", "EventId": 4634, "EventRecordId": "6570", "ProcessId": 699, "ThreadId": 5531, "Level": "LogAlways", "Keywords": "Audit success", "SourceFile": "C:\\Windows\\system32\\winevt\\Logs\\Security.evtx", "ExtraDataOffset": 0, "HiddenRecord": false, "TimeCreated": "2021-03-16T15:33:12.5157239+00:00", "RecordNumber": "6570"}
{"PayloadData1": "Target: OOPS\\rodriguez.randy", "PayloadData2": "LogonType 3", "PayloadData3": "LogonId: 0X33E8A1", "MapDescription": "An account was logged off", "ChunkNumber": 0, "Computer": "OOPS-DC.oops.net", "Payload": "{\"EventData\": {\"Data\": [{\"@Name\": \"TargetUserSid\", \"#text\": \"S-1-5-21-6555176-542406784-1292789138-1148\"}, {\"@Name\": \"TargetUserName\", \"#text\": \"rodriguez.randy\"}, {\"@Name\": \"TargetDomainName\", \"#text\": \"OOPS\"}, {\"@Name\": \"TargetLogonId\", \"#text\": \"0X33E8A1\"}, {\"@Name\": \"LogonType\", \"#text\": \"3\"}]}}", "Channel": "Security", "Provider": "Microsoft-Windows-Security-Auditing", "EventId": 4634, "EventRecordId": "6574", "ProcessId": 699, "ThreadId": 7615, "Level": "LogAlways", "Keywords": "Audit success", "SourceFile": "C:\\Windows\\system32\\winevt\\Logs\\Security.evtx", "ExtraDataOffset": 0, "HiddenRecord": false, "TimeCreated": "2021-03-16T15:33:12.5562727+00:00", "RecordNumber": "6574"}
{"PayloadData1": "Target: OOPS\\OOPS-WORKSTATION_6$", "PayloadData2": "LogonType 3", "PayloadData3": "LogonId: 0X33E866", "MapDescription": "An account was logged off", "ChunkNumber": 0, "Computer": "OOPS-DC.oops.net", "Payload": "{\"EventData\": {\"Data\": [{\"@Name\": \"TargetUserSid\", \"#text\": \"S-1-5-21-6555176-542406784-1292789138-1257\"}, {\"@Name\": \"TargetUserName\", \"#text\": \"OOPS-WORKSTATION_6$\"}, {\"@Name\": \"TargetDomainName\", \"#text\": \"OOPS\"}, {\"@Name\": \"TargetLogonId\", \"#text\": \"0X33E866\"}, {\"@Name\": \"LogonType\", \"#text\": \"3\"}]}}", "Channel": "Security", "Provider": "Microsoft-Windows-Security-Auditing", "EventId": 4634, "EventRecordId": "6580", "ProcessId": 699, "ThreadId": 7782, "Level": "LogAlways", "Keywords": "Audit success", "SourceFile": "C:\\Windows\\system32\\winevt\\Logs\\Security.evtx", "ExtraDataOffset": 0, "HiddenRecord": false, "TimeCreated": "2021-03-16T15:33:12.6417609+00:00", "RecordNumber": "6580"}
{"PayloadData1": "Target: OOPS.NET\\OOPS-WORKSTATION_6$@OOPS.NET", "PayloadData2": "ServiceName: OOPS-WORKSTATION_6$", "PayloadData3": "ServiceSid: S-1-5-21-6555176-542406784-1292789138-1257", "PayloadData4": "TicketEncryptionType: AES256-CTS-HMAC-SHA1-96", "PayloadData5": "Status: KDC_ERR_NONE - No error - No errors were found.", "RemoteHost": "::ffff:172.26.163.227:28758", "MapDescription": "A Kerberos service ticket was requested", "ChunkNumber": 0, "Computer": "OOPS-DC.oops.net", "Payload": "{\"EventData\": {\"Data\": [{\"@Name\": \"TargetUserName\", \"#text\": \"OOPS-WORKSTATION_6$@OOPS.NET\"}, {\"@Name\": \"TargetDomainName\", \"#text\": \"OOPS.NET\"}, {\"@Name\": \"ServiceName\", \"#text\": \"OOPS-WORKSTATION_6$\"}, {\"@Name\": \"ServiceSid\", \"#text\": \"S-1-5-21-6555176-542406784-1292789138-1257\"}, {\"@Name\": \"TicketOptions\", \"#text\": \"0x40810000\"}, {\"@Name\": \"TicketEncryptionType\", \"#text\": \"0x12\"}, {\"@Name\": \"IpAddress\", \"#text\": \"::ffff:172.26.163.227\"}, {\"@Name\": \"IpPort\", \"#text\": \"28758\"}, {\"@Name\": \"Status\", \"#text\": \"0x0\"}, {\"@Name\": \"LogonGuid\", \"#text\": \"30ac1d1b-4af3-4933-9e74-ffbb8145bddd\"}, {\"@Name\": \"TransmittedServices\", \"#text\": \"-\"}]}}", "Channel": "Security", "Provider": "Microsoft-Windows-Security-Auditing", "EventId": 4769, "EventRecordId": "6586", "ProcessId": 699, "ThreadId": 7782, "Level": "LogAlways", "Keywords": "Audit success", "SourceFile": "C:\\Windows\\system32\\winevt\\Logs\\Security.evtx", "ExtraDataOffset": 0, "HiddenRecord": false, "TimeCreated": "2021-03-16T15:33:12.7224325+00:00", "RecordNumber": "6586"}
{"PayloadData1": "Target: OOPS.NET\\OOPS-WORKSTATION_6$", "PayloadData2": "LogonType 3", "PayloadData3": "LogonId: 0X33E8CF", "UserName": "-\\-", "RemoteHost": "- (172.26.163.227)", "ExecutableInfo": "-", "MapDescription": "Successful logon", "ChunkNumber": 0, "Computer": "OOPS-DC.oops.net", "Payload": "{\"EventData\": {\"Data\": [{\"@Name\": \"SubjectUserSid\", \"#text\": \"S-1-0-0\"}, {\"@Name\": \"SubjectUserName\", \"#text\": \"-\"}, {\"@Name\": \"SubjectDomainName\", \"#text\": \"-\"}, {\"@Name\": \"SubjectLogonId\", \"#text\": \"0x0\"}, {\"@Name\": \"TargetUserSid\", \"#text\": \"S-1-5-21-6555176-542406784-1292789138-1257\"}, {\"@Name\": \"TargetUserName\", \"#text\": \"OOPS-WORKSTATION_6$\"}, {\"@Name\": \"TargetDomainName\", \"#text\": \"OOPS.NET\"}, {\"@Name\": \"TargetLogonId\", \"#text\": \"0X33E8CF\"}, {\"@Name\": \"LogonType\", \"#text\": \"3\"}, {\"@Name\": \"LogonProcessName\", \"#text\": \"Kerberos\"}, {\"@Name\": \"AuthenticationPackageName\", \"#text\": \"Kerberos\"}, {\"@Name\": \"WorkstationName\", \"#text\": \"-\"}, {\"@Name\": \"LogonGuid\", \"#text\": \"e2891e92-c132-42bf-8d91-e3542f3df2c4\"}, {\"@Name\": \"TransmittedServices\", \"#text\": \"-\"}, {\"@Name\": \"LmPackageName\", \"#text\": \"-\"}, {\"@Name\": \"KeyLength\", \"#text\": \"0\"}, {\"@Name\": \"ProcessId\", \"#text\": \"0x0\"}, {\"@Name\": \"ProcessName\", \"#text\": \"-\"}, {\"@Name\": \"IpAddress\", \"#text\": \"172.26.163.227\"}, {\"@Name\": \"IpPort\", \"#text\": \"28759\"}, {\"@Name\": \"ImpersonationLevel\", \"#text\": \"%%1833\"}, {\"@Name\": \"RestrictedAdminMode\", \"#text\": \"-\"}, {\"@Name\": \"TargetOutboundUserName\", \"#text\": \"-\"}, {\"@Name\": \"TargetOutboundDomainName\", \"#text\": \"-\"}, {\"@Name\": \"VirtualAccount\", \"#text\": \"%%1843\"}, {\"@Name\": \"TargetLinkedLogonId\", \"#text\": \"0x0\"}, {\"@Name\": \"ElevatedToken\", \"#text\": \"%%1842\"}]}}", "Channel": "Security", "Provider": "Microsoft-Windows-Security-Auditing", "EventId": 4624, "EventRecordId": "6587", "ProcessId": 699, "ThreadId": 3073, "Level": "LogAlways", "Keywords": "Audit success", "SourceFile": "C:\\Windows\\system32\\winevt\\Logs\\Security.evtx", "ExtraDataOffset": 0, "HiddenRecord": false, "TimeCreated": "2021-03-16T15:33:12.7418622+00:00", "RecordNumber": "6587"}
{"PayloadData1": "Target: OOPS.NET\\OOPS-WORKSTATION_6$", "PayloadData2": "LogonType 3", "PayloadData3": "LogonId: 0X33E8E5", "UserName": "-\\-", "RemoteHost": "- (172.26.163.227)", "ExecutableInfo": "-", "MapDescription": "Successful logon", "ChunkNumber": 0, "Computer": "OOPS-DC.oops.net", "Payload": "{\"EventData\": {\"Data\": [{\"@Name\": \"SubjectUserSid\", \"#text\": \"S-1-0-0\"}, {\"@Name\": \"SubjectUserName\", \"#text\": \"-\"}, {\"@Name\": \"SubjectDomainName\", \"#text\": \"-\"}, {\"@Name\": \"SubjectLogonId\", \"#text\": \"0x0\"}, {\"@Name\": \"TargetUserSid\", \"#text\": \"S-1-5-21-6555176-542406784-1292789138-1257\"}, {\"@Name\": \"TargetUserName\", \"#text\": \"OOPS-WORKSTATION_6$\"}, {\"@Name\": \"TargetDomainName\", \"#text\": \"OOPS.NET\"}, {\"@Name\": \"TargetLogonId\", \"#text\": \"0X33E8E5\"}, {\"@Name\": \"LogonType\", \"#text\": \"3\"}, {\"@Name\": \"LogonProcessName\", \"#text\": \"Kerberos\"}, {\"@Name\": \"AuthenticationPackageName\", \"#text\": \"Kerberos\"}, {\"@Name\": \"WorkstationName\", \"#text\": \"-\"}, {\"@Name\": \"LogonGuid\", \"#text\": \"2ce3cd6c-95f6-472a-82d5-d25e4b2ac60a\"}, {\"@Name\": \"TransmittedServices\", \"#text\": \"-\"}, {\"@Name\": \"LmPackageName\", \"#text\": \"-\"}, {\"@Name\": \"KeyLength\", \"#text\": \"0\"}, {\"@Name\": \"ProcessId\", \"#text\": \"0x0\"}, {\"@Name\": \"ProcessName\", \"#text\": \"-\"}, {\"@Name\": \"IpAddress\", \"#text\": \"172.26.163.227\"}, {\"@Name\": \"IpPort\", \"#text\": \"28761\"}, {\"@Name\": \"ImpersonationLevel\", \"#text\": \"%%1833\"}, {\"@Name\": \"RestrictedAdminMode\", \"#text\": \"-\"}, {\"@Name\": \"TargetOutboundUserName\", \"#text\": \"-\"}, {\"@Name\": \"TargetOutboundDomainName\", \"#text\": \"-\"}, {\"@Name\": \"VirtualAccount\", \"#text\": \"%%1843\"}, {\"@Name\": \"TargetLinkedLogonId\", \"#text\": \"0x0\"}, {\"@Name\": \"ElevatedToken\", \"#text\": \"%%1842\"}]}}", "Channel": "Security", "Provider": "Microsoft-Windows-Security-Auditing", "EventId": 4624, "EventRecordId": "6590", "ProcessId": 699, "ThreadId": 7615, "Level": "LogAlways", "Keywords": "Audit success", "SourceFile": "C:\\Windows\\system32\\winevt\\Logs\\Security.evtx", "ExtraDataOffset": 0, "HiddenRecord": false, "TimeCreated": "2021-03-16T15:33:12.7955285+00:00", "RecordNumber": "6590"}
{"PayloadData1": "Target: OOPS.NET\\OOPS-WORKSTATION_6$", "PayloadData2": "LogonType 3", "PayloadData3": "LogonId: 0X33E907", "UserName": "-\\-", "RemoteHost": "- (172.26.163.227)", "ExecutableInfo": "-", "MapDescription": "Successful logon", "ChunkNumber": 0, "Computer": "OOPS-DC.oops.net", "Payload": "{\"EventData\": {\"Data\": [{\"@Name\": \"SubjectUserSid\", \"#text\": \"S-1-0-0\"}, {\"@Name\": \"SubjectUserName\", \"#text\": \"-\"}, {\"@Name\": \"SubjectDomainName\", \"#text\": \"-\"}, {\"@Name\": \"SubjectLogonId\", \"#text\": \"0x0\"}, {\"@Name\": \"TargetUserSid\", \"#text\": \"S-1-5-21-6555176-542406784-1292789138-1257\"}, {\"@Name\": \"TargetUserName\", \"#text\": \"OOPS-WORKSTATION_6$\"}, {\"@Name\": \"TargetDomainName\", \"#text\": \"OOPS.NET\"}, {\"@Name\": \"TargetLogonId\", \"#text\": \"0X33E907\"}, {\"@Name\": \"LogonType\", \"#text\": \"3\"}, {\"@Name\": \"LogonProcessName\", \"#text\": \"Kerberos\"}, {\"@Name\": \"AuthenticationPackageName\", \"#text\": \"Kerberos\"}, {\"@Name\": \"WorkstationName\", \"#text\": \"-\"}, {\"@Name\": \"LogonGuid\", \"#text\": \"8780d1ef-7b84-43ba-9717-d12390e29780\"}, {\"@Name\": \"TransmittedServices\", \"#text\": \"-\"}, {\"@Name\": \"LmPackageName\", \"#text\": \"-\"}, {\"@Name\": \"KeyLength\", \"#text\": \"0\"}, {\"@Name\": \"ProcessId\", \"#text\": \"0x0\"}, {\"@Name\": \"ProcessName\", \"#text\": \"-\"}, {\"@Name\": \"IpAddress\", \"#text\": \"172.26.163.227\"}, {\"@Name\": \"IpPort\", \"#text\": \"28763\"}, {\"@Name\": \"ImpersonationLevel\", \"#text\": \"%%1833\"}, {\"@Name\": \"RestrictedAdminMode\", \"#text\": \"-\"}, {\"@Name\": \"TargetOutboundUserName\", \"#text\": \"-\"}, {\"@Name\": \"TargetOutboundDomainName\", \"#text\": \"-\"}, {\"@Name\": \"VirtualAccount\", \"#text\": \"%%1843\"}, {\"@Name\": \"TargetLinkedLogonId\", \"#text\": \"0x0\"}, {\"@Name\": \"ElevatedToken\", \"#text\": \"%%1842\"}]}}", "Channel": "Security", "Provider": "Microsoft-Windows-Security-Auditing", "EventId": 4624, "EventRecordId": "6592", "ProcessId": 699, "ThreadId": 7615, "Level": "LogAlways", "Keywords": "Audit success", "SourceFile": "C:\\Windows\\system32\\winevt\\Logs\\Security.evtx", "ExtraDataOffset": 0, "HiddenRecord": false, "TimeCreated": "2021-03-16T15:33:12.8604868+00:00", "RecordNumber": "6592"}
{"PayloadData1": "Target: OOPS\\OOPS-WORKSTATION_6$", "PayloadData2": "LogonType 3", "PayloadData3": "LogonId: 0X33E907", "MapDescription": "An account was logged off", "ChunkNumber": 0, "Computer": "OOPS-DC.oops.net", "Payload": "{\"EventData\": {\"Data\": [{\"@Name\": \"TargetUserSid\", \"#text\": \"S-1-5-21-6555176-542406784-1292789138-1257\"}, {\"@Name\": \"TargetUserName\", \"#text\": \"OOPS-WORKSTATION_6$\"}, {\"@Name\": \"TargetDomainName\", \"#text\": \"OOPS\"}, {\"@Name\": \"TargetLogonId\", \"#text\": \"0X33E907\"}, {\"@Name\": \"LogonType\", \"#text\": \"3\"}]}}", "Channel": "Security", "Provider": "Microsoft-Windows-Security-Auditing", "EventId": 4634, "EventRecordId": "6594", "ProcessId": 699, "ThreadId": 5531, "Level": "LogAlways", "Keywords": "Audit success", "SourceFile": "C:\\Windows\\system32\\winevt\\Logs\\Security.evtx", "ExtraDataOffset": 0, "HiddenRecord": false, "TimeCreated": "2021-03-16T15:33:12.9376553+00:00", "RecordNumber": "6594"}
{"PayloadData1": "Target: OOPS\\OOPS-WORKSTATION_6$", "PayloadData2": "LogonType 3", "PayloadData3": "LogonId: 0X33E8E5", "MapDescription": "An account was logged off", "ChunkNumber": 0, "Computer": "OOPS-DC.oops.net", "Payload": "{\"EventData\": {\"Data\": [{\"@Name\": \"TargetUserSid\", \"#text\": \"S-1-5-21-6555176-542406784-1292789138-1257\"}, {\"@Name\": \"TargetUserName\", \"#text\": \"OOPS-WORKSTATION_6$\"}, {\"@Name\": \"TargetDomainName\", \"#text\": \"OOPS\"}, {\"@Name\": \"TargetLogonId\", \"#text\": \"0X33E8E5\"}, {\"@Name\": \"LogonType\", \"#text\": \"3\"}]}}", "Channel": "Security", "Provider": "Microsoft-Windows-Security-Auditing", "EventId": 4634, "EventRecordId": "6596", "ProcessId": 699, "ThreadId": 7782, "Level": "LogAlways", "Keywords": "Audit success", "SourceFile": "C:\\Windows\\system32\\winevt\\Logs\\Security.evtx", "ExtraDataOffset": 0, "HiddenRecord": false, "TimeCreated": "2021-03-16T15:33:13.0226999+00:00", "RecordNumber": "6596"}
{"PayloadData1": "Target: OOPS\\OOPS-WORKSTATION_6$", "PayloadData2": "LogonType 3", "PayloadData3": "LogonId: 0X33E8CF", "MapDescription": "An account was logged off", "ChunkNumber": 0, "Computer": "OOPS-DC.oops.net", "Payload": "{\"EventData\": {\"Data\": [{\"@Name\": \"TargetUserSid\", \"#text\": \"S-1-5-21-6555176-542406784-1292789138-1257\"}, {\"@Name\": \"TargetUserName\", \"#text\": \"OOPS-WORKSTATION_6$\"}, {\"@Name\": \"TargetDomainName\", \"#text\": \"OOPS\"}, {\"@Name\": \"TargetLogonId\", \"#text\": \"0X33E8CF\"}, {\"@Name\": \"LogonType\", \"#text\": \"3\"}]}}", "Channel": "Security", "Provider": "Microsoft-Windows-Security-Auditing", "EventId": 4634, "EventRecordId": "6598", "ProcessId": 699, "ThreadId": 5531, "Level": "LogAlways", "Keywords": "Audit success", "SourceFile": "C:\\Windows\\system32\\winevt\\Logs\\Security.evtx", "ExtraDataOffset": 0, "HiddenRecord": false, "TimeCreated": "2021-03-16T15:33:13.0526278+00:00", "RecordNumber": "6598"}
{"PayloadData1": "Target: OOPS\\wertz.martha", "PayloadData2": "LogonType 3", "PayloadData3": "LogonId: 0X33E6D1", "MapDescription": "An account was logged off", "ChunkNumber": 0, "Computer": "OOPS-DC.oops.net", "Payload": "{\"EventData\": {\"Data\": [{\"@Name\": \"TargetUserSid\", \"#text\": \"S-1-5-21-6555176-542406784-1292789138-1292\"}, {\"@Name\": \"TargetUserName\", \"#text\": \"wertz.martha\"}, {\"@Name\": \"TargetDomainName\", \"#text\": \"OOPS\"}, {\"@Name\": \"TargetLogonId\", \"#text\": \"0X33E6D1\"}, {\"@Name\": \"LogonType\", \"#text\": \"3\"}]}}", "Channel": "Security", "Provider": "Microsoft-Windows-Security-Auditing", "EventId": 4634, "EventRecordId": "6602", "ProcessId": 699, "ThreadId": 7782, "Level": "LogAlways", "Keywords": "Audit success", "SourceFile": "C:\\Windows\\system32\\winevt\\Logs\\Security.evtx", "ExtraDataOffset": 0, "HiddenRecord": false, "TimeCreated": "2021-03-16T15:33:15.1493030+00:00", "RecordNumber": "6602"}
{"PayloadData1": "Target: OOPS.NET\\wertz.martha@OOPS.NET", "PayloadData2": "ServiceName: OOPS-DC$", "PayloadData3": "ServiceSid: S-1-5-21-6555176-542406784-1292789138-1000", "PayloadData4": "TicketEncryptionType: AES256-CTS-HMAC-SHA1-96", "PayloadData5": "Status: KDC_ERR_NONE - No error - No errors were found.", "RemoteHost": "::ffff:172.26.162.48:42956", "MapDescription": "A Kerberos service ticket was requested", "ChunkNumber": 0, "Computer": "OOPS-DC.oops.net", "Payload": "{\"EventData\": {\"Data\": [{\"@Name\": \"TargetUserName\", \"#text\": \"wertz.martha@OOPS.NET\"}, {\"@Name\": \"TargetDomainName\", \"#text\": \"OOPS.NET\"}, {\"@Name\": \"ServiceName\", \"#text\": \"OOPS-DC$\"}, {\"@Name\": \"ServiceSid\", \"#text\": \"S-1-5-21-6555176-542406784-1292789138-1000\"}, {\"@Name\": \"TicketOptions\", \"#text\": \"0x40810000\"}, {\"@Name\": \"TicketEncryptionType\", \"#text\": \"0x12\"}, {\"@Name\": \"IpAddress\", \"#text\": \"::ffff:172.26.162.48\"}, {\"@Name\": \"IpPort\", \"#text\": \"42956\"}, {\"@Name\": \"Status\", \"#text\": \"0x0\"}, {\"@Name\": \"LogonGuid\", \"#text\": \"c0df4c11-95eb-40c8-a27a-1e1fecadbde5\"}, {\"@Name\": \"TransmittedServices\", \"#text\": \"-\"}]}}", "Channel": "Security", "Provider": "Microsoft-Windows-Security-Auditing", "EventId": 4769, "EventRecordId": "6610", "ProcessId": 699, "ThreadId": 5994, "Level": "LogAlways", "Keywords": "Audit success", "SourceFile": "C:\\Windows\\system32\\winevt\\Logs\\Security.evtx", "ExtraDataOffset": 0, "HiddenRecord": false, "TimeCreated": "2021-03-16T15:33:45.2246466+00:00", "RecordNumber": "6610"}
{"PayloadData1": "Target: OOPS.NET\\wertz.martha@OOPS.NET", "PayloadData2": "ServiceName: krbtgt", "PayloadData3": "ServiceSid: S-1-5-21-6555176-542406784-1292789138-502", "PayloadData4": "TicketEncryptionType: AES256-CTS-HMAC-SHA1-96", "PayloadData5": "Status: KDC_ERR_NONE - No error - No errors were found.", "RemoteHost": "::ffff:172.26.162.48:42957", "MapDescription": "A Kerberos service ticket was requested", "ChunkNumber": 0, "Computer": "OOPS-DC.oops.net", "Payload": "{\"EventData\": {\"Data\": [{\"@Name\": \"TargetUserName\", \"#text\": \"wertz.martha@OOPS.NET\"}, {\"@Name\": \"TargetDomainName\", \"#text\": \"OOPS.NET\"}, {\"@Name\": \"ServiceName\", \"#text\": \"krbtgt\"}, {\"@Name\": \"ServiceSid\", \"#text\": \"S-1-5-21-6555176-542406784-1292789138-502\"}, {\"@Name\": \"TicketOptions\", \"#text\": \"0x60810010\"}, {\"@Name\": \"TicketEncryptionType\", \"#text\": \"0x12\"}, {\"@Name\": \"IpAddress\", \"#text\": \"::ffff:172.26.162.48\"}, {\"@Name\": \"IpPort\", \"#text\": \"42957\"}, {\"@Name\": \"Status\", \"#text\": \"0x0\"}, {\"@Name\": \"LogonGuid\", \"#text\": \"d10cbed8-d6e6-4a86-8eee-36bd511d1029\"}, {\"@Name\": \"TransmittedServices\", \"#text\": \"-\"}]}}", "Channel": "Security", "Provider": "Microsoft-Windows-Security-Auditing", "EventId": 4769, "EventRecordId": "6615", "ProcessId": 699, "ThreadId": 3073, "Level": "LogAlways", "Keywords": "Audit success", "SourceFile": "C:\\Windows\\system32\\winevt\\Logs\\Security.evtx", "ExtraDataOffset": 0, "HiddenRecord": false, "TimeCreated": "2021-03-16T15:33:45.3076027+00:00", "RecordNumber": "6615"}
{"PayloadData1": "Target: OOPS.NET\\wertz.martha", "PayloadData2": "LogonType 3", "PayloadData3": "LogonId: 0X33E7FF", "UserName": "-\\-", "RemoteHost": "- (172.26.162.48)", "ExecutableInfo": "-", "MapDescription": "Successful logon", "ChunkNumber": 0, "Computer": "OOPS-DC.oops.net", "Payload": "{\"EventData\": {\"Data\": [{\"@Name\": \"SubjectUserSid\", \"#text\": \"S-1-0-0\"}, {\"@Name\": \"SubjectUserName\", \"#text\": \"-\"}, {\"@Name\": \"SubjectDomainName\", \"#text\": \"-\"}, {\"@Name\": \"SubjectLogonId\", \"#text\": \"0x0\"}, {\"@Name\": \"TargetUserSid\", \"#text\": \"S-1-5-21-6555176-542406784-1292789138-1292\"}, {\"@Name\": \"TargetUserName\", \"#text\": \"wertz.martha\"}, {\"@Name\": \"TargetDomainName\", \"#text\": \"OOPS.NET\"}, {\"@Name\": \"TargetLogonId\", \"#text\": \"0X33E7FF\"}, {\"@Name\": \"LogonType\", \"#text\": \"3\"}, {\"@Name\": \"LogonProcessName\", \"#text\": \"Kerberos\"}, {\"@Name\": \"AuthenticationPackageName\", \"#text\": \"Kerberos\"}, {\"@Name\": \"WorkstationName\", \"#text\": \"-\"}, {\"@Name\": \"LogonGuid\", \"#text\": \"c901ac3e-7e18-4b3f-b960-adaf9dfa5611\"}, {\"@Name\": \"TransmittedServices\", \"#text\": \"-\"}, {\"@Name\": \"LmPackageName\", \"#text\": \"-\"}, {\"@Name\": \"KeyLength\", \"#text\": \"0\"}, {\"@Name\": \"ProcessId\", \"#text\": \"0x0\"}, {\"@Name\": \"ProcessName\", \"#text\": \"-\"}, {\"@Name\": \"IpAddress\", \"#text\": \"172.26.162.48\"}, {\"@Name\": \"IpPort\", \"#text\": \"42960\"}, {\"@Name\": \"ImpersonationLevel\", \"#text\": \"%%1840\"}, {\"@Name\": \"RestrictedAdminMode\", \"#text\": \"-\"}, {\"@Name\": \"TargetOutboundUserName\", \"#text\": \"-\"}, {\"@Name\": \"TargetOutboundDomainName\", \"#text\": \"-\"}, {\"@Name\": \"VirtualAccount\", \"#text\": \"%%1843\"}, {\"@Name\": \"TargetLinkedLogonId\", \"#text\": \"0x0\"}, {\"@Name\": \"ElevatedToken\", \"#text\": \"%%1842\"}]}}", "Channel": "Security", "Provider": "Microsoft-Windows-Security-Auditing", "EventId": 4624, "EventRecordId": "6622", "ProcessId": 699, "ThreadId": 5994, "Level": "LogAlways", "Keywords": "Audit success", "SourceFile": "C:\\Windows\\system32\\winevt\\Logs\\Security.evtx", "ExtraDataOffset": 0, "HiddenRecord": false, "TimeCreated": "2021-03-16T15:33:45.3766166+00:00", "RecordNumber": "6622"}
{"PayloadData1": "Target: OOPS\\wertz.martha", "PayloadData2": "LogonType 3", "PayloadData3": "LogonId: 0X33E7FF", "MapDescription": "An account was logged off", "ChunkNumber": 0, "Computer": "OOPS-DC.oops.net", "Payload": "{\"EventData\": {\"Data\": [{\"@Name\": \"TargetUserSid\", \"#text\": \"S-1-5-21-6555176-542406784-1292789138-1292\"}, {\"@Name\": \"TargetUserName\", \"#text\": \"wertz.martha\"}, {\"@Name\": \"TargetDomainName\", \"#text\": \"OOPS\"}, {\"@Name\": \"TargetLogonId\", \"#text\": \"0X33E7FF\"}, {\"@Name\": \"LogonType\", \"#text\": \"3\"}]}}", "Channel": "Security", "Provider": "Microsoft-Windows-Security-Auditing", "EventId": 4634, "EventRecordId": "6631", "ProcessId": 699, "ThreadId": 7615, "Level": "LogAlways", "Keywords": "Audit success", "SourceFile": "C:\\Windows\\system32\\winevt\\Logs\\Security.evtx", "ExtraDataOffset": 0, "HiddenRecord": false, "TimeCreated": "2021-03-16T15:33:57.4238438+00:00", "RecordNumber": "6631"}
{"PayloadData1": "Target: OOPS\\rouse.marilyn", "PayloadData2": "ServiceName: krbtgt", "PayloadData3": "ServiceSid: S-1-5-21-6555176-542406784-1292789138-502", "PayloadData4": "TicketEncryptionType: AES256-CTS-HMAC-SHA1-96", "PayloadData5": "Status: KDC_ERR_NONE - No error - No errors were found.", "PayloadData6": "PreAuthType: PA-ENC-TIMESTAMP - This type is normal for standard password authentication.", "RemoteHost": "::ffff:172.26.162.48:42964", "MapDescription": "A Kerberos authentication ticket (TGT) was requested", "ChunkNumber": 0, "Computer": "OOPS-DC.oops.net", "Payload": "{\"EventData\": {\"Data\": [{\"@Name\": \"TargetUserName\", \"#text\": \"rouse.marilyn\"}, {\"@Name\": \"TargetDomainName\", \"#text\": \"OOPS\"}, {\"@Name\": \"TargetSid\", \"#text\": \"S-1-5-21-6555176-542406784-1292789138-1163\"}, {\"@Name\": \"ServiceName\", \"#text\": \"krbtgt\"}, {\"@Name\": \"ServiceSid\", \"#text\": \"S-1-5-21-6555176-542406784-1292789138-502\"}, {\"@Name\": \"TicketOptions\", \"#text\": \"0x40810010\"}, {\"@Name\": \"Status\", \"#text\": \"0x0\"}, {\"@Name\": \"TicketEncryptionType\", \"#text\": \"0x12\"}, {\"@Name\": \"PreAuthType\", \"#text\": \"2\"}, {\"@Name\": \"IpAddress\", \"#text\": \"::ffff:172.26.162.48\"}, {\"@Name\": \"IpPort\", \"#text\": \"42964\"}, {\"@Name\": \"CertIssuerName\"}, {\"@Name\": \"CertSerialNumber\"}, {\"@Name\": \"CertThumbprint\"}]}}", "Channel": "Security", "Provider": "Microsoft-Windows-Security-Auditing", "EventId": 4768, "EventRecordId": "6637", "ProcessId": 699, "ThreadId": 5531, "Level": "LogAlways", "Keywords": "Audit success", "SourceFile": "C:\\Windows\\system32\\winevt\\Logs\\Security.evtx", "ExtraDataOffset": 0, "HiddenRecord": false, "TimeCreated": "2021-03-16T15:53:46.8941899+00:00", "RecordNumber": "6637"}
{"PayloadData1": "Target: OOPS.NET\\rouse.marilyn@OOPS.NET", "PayloadData2": "ServiceName: OOPS-RESERVED$", "PayloadData3": "ServiceSid: S-1-5-21-6555176-542406784-1292789138-1114", "PayloadData4": "TicketEncryptionType: AES256-CTS-HMAC-SHA1-96", "PayloadData5": "Status: KDC_ERR_NONE - No error - No errors were found.", "RemoteHost": "::ffff:172.26.162.48:42965", "MapDescription": "A Kerberos service ticket was requested", "ChunkNumber": 0, "Computer": "OOPS-DC.oops.net", "Payload": "{\"EventData\": {\"Data\": [{\"@Name\": \"TargetUserName\", \"#text\": \"rouse.marilyn@OOPS.NET\"}, {\"@Name\": \"TargetDomainName\", \"#text\": \"OOPS.NET\"}, {\"@Name\": \"ServiceName\", \"#text\": \"OOPS-RESERVED$\"}, {\"@Name\": \"ServiceSid\", \"#text\": \"S-1-5-21-6555176-542406784-1292789138-1114\"}, {\"@Name\": \"TicketOptions\", \"#text\": \"0x40810000\"}, {\"@Name\": \"TicketEncryptionType\", \"#text\": \"0x12\"}, {\"@Name\": \"IpAddress\", \"#text\": \"::ffff:172.26.162.48\"}, {\"@Name\": \"IpPort\", \"#text\": \"42965\"}, {\"@Name\": \"Status\", \"#text\": \"0x0\"}, {\"@Name\": \"LogonGuid\", \"#text\": \"1a00df71-9f46-4ddd-9ed2-ad429c1cbbb5\"}, {\"@Name\": \"TransmittedServices\", \"#text\": \"-\"}]}}", "Channel": "Security", "Provider": "Microsoft-Windows-Security-Auditing", "EventId": 4769, "EventRecordId": "6640", "ProcessId": 699, "ThreadId": 5531, "Level": "LogAlways", "Keywords": "Audit success", "SourceFile": "C:\\Windows\\system32\\winevt\\Logs\\Security.evtx", "ExtraDataOffset": 0, "HiddenRecord": false, "TimeCreated": "2021-03-16T15:53:46.9284791+00:00", "RecordNumber": "6640"}
{"PayloadData1": "Target: OOPS.NET\\rouse.marilyn@OOPS.NET", "PayloadData2": "ServiceName: OOPS-DC$", "PayloadData3": "ServiceSid: S-1-5-21-6555176-542406784-1292789138-1000", "PayloadData4": "TicketEncryptionType: AES256-CTS-HMAC-SHA1-96", "PayloadData5": "Status: KDC_ERR_NONE - No error - No errors were found.", "RemoteHost": "::ffff:172.26.162.48:42966", "MapDescription": "A Kerberos service ticket was requested", "ChunkNumber": 0, "Computer": "OOPS-DC.oops.net", "Payload": "{\"EventData\": {\"Data\": [{\"@Name\": \"TargetUserName\", \"#text\": \"rouse.marilyn@OOPS.NET\"}, {\"@Name\": \"TargetDomainName\", \"#text\": \"OOPS.NET\"}, {\"@Name\": \"ServiceName\", \"#text\": \"OOPS-DC$\"}, {\"@Name\": \"ServiceSid\", \"#text\": \"S-1-5-21-6555176-542406784-1292789138-1000\"}, {\"@Name\": \"TicketOptions\", \"#text\": \"0x40800000\"}, {\"@Name\": \"TicketEncryptionType\", \"#text\": \"0x12\"}, {\"@Name\": \"IpAddress\", \"#text\": \"::ffff:172.26.162.48\"}, {\"@Name\": \"IpPort\", \"#text\": \"42966\"}, {\"@Name\": \"Status\", \"#text\": \"0x0\"}, {\"@Name\": \"LogonGuid\", \"#text\": \"bb0041bf-ce12-4c74-855c-ef92c4557f08\"}, {\"@Name\": \"TransmittedServices\", \"#text\": \"-\"}]}}", "Channel": "Security", "Provider": "Microsoft-Windows-Security-Auditing", "EventId": 4769, "EventRecordId": "6649", "ProcessId": 699, "ThreadId": 3073, "Level": "LogAlways", "Keywords": "Audit success", "SourceFile": "C:\\Windows\\system32\\winevt\\Logs\\Security.evtx", "ExtraDataOffset": 0, "HiddenRecord": false, "TimeCreated": "2021-03-16T15:53:47.9594627+00:00", "RecordNumber": "6649"}
{"PayloadData1": "Target: OOPS.NET\\rouse.marilyn", "PayloadData2": "LogonType 3", "PayloadData3": "LogonId: 0X33E94B", "UserName": "-\\-", "RemoteHost": "- (172.26.162.48)", "ExecutableInfo": "-", "MapDescription": "Successful logon", "ChunkNumber": 0, "Computer": "OOPS-DC.oops.net", "Payload": "{\"EventData\": {\"Data\": [{\"@Name\": \"SubjectUserSid\", \"#text\": \"S-1-0-0\"}, {\"@Name\": \"SubjectUserName\", \"#text\": \"-\"}, {\"@Name\": \"SubjectDomainName\", \"#text\": \"-\"}, {\"@Name\": \"SubjectLogonId\", \"#text\": \"0x0\"}, {\"@Name\": \"TargetUserSid\", \"#text\": \"S-1-5-21-6555176-542406784-1292789138-1163\"}, {\"@Name\": \"TargetUserName\", \"#text\": \"rouse.marilyn\"}, {\"@Name\": \"TargetDomainName\", \"#text\": \"OOPS.NET\"}, {\"@Name\": \"TargetLogonId\", \"#text\": \"0X33E94B\"}, {\"@Name\": \"LogonType\", \"#text\": \"3\"}, {\"@Name\": \"LogonProcessName\", \"#text\": \"Kerberos\"}, {\"@Name\": \"AuthenticationPackageName\", \"#text\": \"Kerberos\"}, {\"@Name\": \"WorkstationName\", \"#text\": \"-\"}, {\"@Name\": \"LogonGuid\", \"#text\": \"feb3289a-f5fb-4dc6-b557-aa1691b1ebb7\"}, {\"@Name\": \"TransmittedServices\", \"#text\": \"-\"}, {\"@Name\": \"LmPackageName\", \"#text\": \"-\"}, {\"@Name\": \"KeyLength\", \"#text\": \"0\"}, {\"@Name\": \"ProcessId\", \"#text\": \"0x0\"}, {\"@Name\": \"ProcessName\", \"#text\": \"-\"}, {\"@Name\": \"IpAddress\", \"#text\": \"172.26.162.48\"}, {\"@Name\": \"IpPort\", \"#text\": \"42967\"}, {\"@Name\": \"ImpersonationLevel\", \"#text\": \"%%1833\"}, {\"@Name\": \"RestrictedAdminMode\", \"#text\": \"-\"}, {\"@Name\": \"TargetOutboundUserName\", \"#text\": \"-\"}, {\"@Name\": \"TargetOutboundDomainName\", \"#text\": \"-\"}, {\"@Name\": \"VirtualAccount\", \"#text\": \"%%1843\"}, {\"@Name\": \"TargetLinkedLogonId\", \"#text\": \"0x0\"}, {\"@Name\": \"ElevatedToken\", \"#text\": \"%%1842\"}]}}", "Channel": "Security", "Provider": "Microsoft-Windows-Security-Auditing", "EventId": 4624, "EventRecordId": "6656", "ProcessId": 699, "ThreadId": 7782, "Level": "LogAlways", "Keywords": "Audit success", "SourceFile": "C:\\Windows\\system32\\winevt\\Logs\\Security.evtx", "ExtraDataOffset": 0, "HiddenRecord": false, "TimeCreated": "2021-03-16T15:53:48.0305474+00:00", "RecordNumber": "6656"}
{"PayloadData1": "Target: OOPS.NET\\OOPS-RESERVED$", "PayloadData2": "LogonType 3", "PayloadData3": "LogonId: 0X33E976", "UserName": "-\\-", "RemoteHost": "- (172.26.162.48)", "ExecutableInfo": "-", "MapDescription": "Successful logon", "ChunkNumber": 0, "Computer": "OOPS-DC.oops.net", "Payload": "{\"EventData\": {\"Data\": [{\"@Name\": \"SubjectUserSid\", \"#text\": \"S-1-0-0\"}, {\"@Name\": \"SubjectUserName\", \"#text\": \"-\"}, {\"@Name\": \"SubjectDomainName\", \"#text\": \"-\"}, {\"@Name\": \"SubjectLogonId\", \"#text\": \"0x0\"}, {\"@Name\": \"TargetUserSid\", \"#text\": \"S-1-5-21-6555176-542406784-1292789138-1114\"}, {\"@Name\": \"TargetUserName\", \"#text\": \"OOPS-RESERVED$\"}, {\"@Name\": \"TargetDomainName\", \"#text\": \"OOPS.NET\"}, {\"@Name\": \"TargetLogonId\", \"#text\": \"0X33E976\"}, {\"@Name\": \"LogonType\", \"#text\": \"3\"}, {\"@Name\": \"LogonProcessName\", \"#text\": \"Kerberos\"}, {\"@Name\": \"AuthenticationPackageName\", \"#text\": \"Kerberos\"}, {\"@Name\": \"WorkstationName\", \"#text\": \"-\"}, {\"@Name\": \"LogonGuid\", \"#text\": \"0a1989d1-7a9c-4075-855b-e9246be622c5\"}, {\"@Name\": \"TransmittedServices\", \"#text\": \"-\"}, {\"@Name\": \"LmPackageName\", \"#text\": \"-\"}, {\"@Name\": \"KeyLength\", \"#text\": \"0\"}, {\"@Name\": \"ProcessId\", \"#text\": \"0x0\"}, {\"@Name\": \"ProcessName\", \"#text\": \"-\"}, {\"@Name\": \"IpAddress\", \"#text\": \"172.26.162.48\"}, {\"@Name\": \"IpPort\", \"#text\": \"42968\"}, {\"@Name\": \"ImpersonationLevel\", \"#text\": \"%%1833\"}, {\"@Name\": \"RestrictedAdminMode\", \"#text\": \"-\"}, {\"@Name\": \"TargetOutboundUserName\", \"#text\": \"-\"}, {\"@Name\": \"TargetOutboundDomainName\", \"#text\": \"-\"}, {\"@Name\": \"VirtualAccount\", \"#text\": \"%%1843\"}, {\"@Name\": \"TargetLinkedLogonId\", \"#text\": \"0x0\"}, {\"@Name\": \"ElevatedToken\", \"#text\": \"%%1842\"}]}}", "Channel": "Security", "Provider": "Microsoft-Windows-Security-Auditing", "EventId": 4624, "EventRecordId": "6659", "ProcessId": 699, "ThreadId": 5994, "Level": "LogAlways", "Keywords": "Audit success", "SourceFile": "C:\\Windows\\system32\\winevt\\Logs\\Security.evtx", "ExtraDataOffset": 0, "HiddenRecord": false, "TimeCreated": "2021-03-16T15:53:48.0762700+00:00", "RecordNumber": "6659"}
{"PayloadData1": "Target: OOPS.NET\\rouse.marilyn", "PayloadData2": "LogonType 3", "PayloadData3": "LogonId: 0X33E989", "UserName": "-\\-", "RemoteHost": "- (172.26.162.48)", "ExecutableInfo": "-", "MapDescription": "Successful logon", "ChunkNumber": 0, "Computer": "OOPS-DC.oops.net", "Payload": "{\"EventData\": {\"Data\": [{\"@Name\": \"SubjectUserSid\", \"#text\": \"S-1-0-0\"}, {\"@Name\": \"SubjectUserName\", \"#text\": \"-\"}, {\"@Name\": \"SubjectDomainName\", \"#text\": \"-\"}, {\"@Name\": \"SubjectLogonId\", \"#text\": \"0x0\"}, {\"@Name\": \"TargetUserSid\", \"#text\": \"S-1-5-21-6555176-542406784-1292789138-1163\"}, {\"@Name\": \"TargetUserName\", \"#text\": \"rouse.marilyn\"}, {\"@Name\": \"TargetDomainName\", \"#text\": \"OOPS.NET\"}, {\"@Name\": \"TargetLogonId\", \"#text\": \"0X33E989\"}, {\"@Name\": \"LogonType\", \"#text\": \"3\"}, {\"@Name\": \"LogonProcessName\", \"#text\": \"Kerberos\"}, {\"@Name\": \"AuthenticationPackageName\", \"#text\": \"Kerberos\"}, {\"@Name\": \"WorkstationName\", \"#text\": \"-\"}, {\"@Name\": \"LogonGuid\", \"#text\": \"304ea6eb-c2ba-4d89-8787-7e72b64997af\"}, {\"@Name\": \"TransmittedServices\", \"#text\": \"-\"}, {\"@Name\": \"LmPackageName\", \"#text\": \"-\"}, {\"@Name\": \"KeyLength\", \"#text\": \"0\"}, {\"@Name\": \"ProcessId\", \"#text\": \"0x0\"}, {\"@Name\": \"ProcessName\", \"#text\": \"-\"}, {\"@Name\": \"IpAddress\", \"#text\": \"172.26.162.48\"}, {\"@Name\": \"IpPort\", \"#text\": \"42969\"}, {\"@Name\": \"ImpersonationLevel\", \"#text\": \"%%1833\"}, {\"@Name\": \"RestrictedAdminMode\", \"#text\": \"-\"}, {\"@Name\": \"TargetOutboundUserName\", \"#text\": \"-\"}, {\"@Name\": \"TargetOutboundDomainName\", \"#text\": \"-\"}, {\"@Name\": \"VirtualAccount\", \"#text\": \"%%1843\"}, {\"@Name\": \"TargetLinkedLogonId\", \"#text\": \"0x0\"}, {\"@Name\": \"ElevatedToken\", \"#text\": \"%%1842\"}]}}", "Channel": "Security", "Provider": "Microsoft-Windows-Security-Auditing", "EventId": 4624, "EventRecordId": "6664", "ProcessId": 699, "ThreadId": 7615, "Level": "LogAlways", "Keywords": "Audit success", "SourceFile": "C:\\Windows\\system32\\winevt\\Logs\\Security.evtx", "ExtraDataOffset": 0, "HiddenRecord": false, "TimeCreated": "2021-03-16T15:53:48.1337805+00:00", "RecordNumber": "6664"}
{"PayloadData1": "Target: OOPS\\rouse.marilyn", "PayloadData2": "LogonType 3", "PayloadData3": "LogonId: 0X33E989", "MapDescription": "An account was logged off", "ChunkNumber": 0, "Computer": "OOPS-DC.oops.net", "Payload": "{\"EventData\": {\"Data\": [{\"@Name\": \"TargetUserSid\", \"#text\": \"S-1-5-21-6555176-542406784-1292789138-1163\"}, {\"@Name\": \"TargetUserName\", \"#text\": \"rouse.marilyn\"}, {\"@Name\": \"TargetDomainName\", \"#text\": \"OOPS\"}, {\"@Name\": \"TargetLogonId\", \"#text\": \"0X33E989\"}, {\"@Name\": \"LogonType\", \"#text\": \"3\"}]}}", "Channel": "Security", "Provider": "Microsoft-Windows-Security-Auditing", "EventId": 4634, "EventRecordId": "6666", "ProcessId": 699, "ThreadId": 7615, "Level": "LogAlways", "Keywords": "Audit success", "SourceFile": "C:\\Windows\\system32\\winevt\\Logs\\Security.evtx", "ExtraDataOffset": 0, "HiddenRecord": false, "TimeCreated": "2021-03-16T15:53:48.1617693+00:00", "RecordNumber": "6666"}
{"PayloadData1": "Target: OOPS\\OOPS-RESERVED$", "PayloadData2": "LogonType 3", "PayloadData3": "LogonId: 0X33E976", "MapDescription": "An account was logged off", "ChunkNumber": 0, "Computer": "OOPS-DC.oops.net", "Payload": "{\"EventData\": {\"Data\": [{\"@Name\": \"TargetUserSid\", \"#text\": \"S-1-5-21-6555176-542406784-1292789138-1114\"}, {\"@Name\": \"TargetUserName\", \"#text\": \"OOPS-RESERVED$\"}, {\"@Name\": \"TargetDomainName\", \"#text\": \"OOPS\"}, {\"@Name\": \"TargetLogonId\", \"#text\": \"0X33E976\"}, {\"@Name\": \"LogonType\", \"#text\": \"3\"}]}}", "Channel": "Security", "Provider": "Microsoft-Windows-Security-Auditing", "EventId": 4634, "EventRecordId": "6668", "ProcessId": 699, "ThreadId": 5994, "Level": "LogAlways", "Keywords": "Audit success", "SourceFile": "C:\\Windows\\system32\\winevt\\Logs\\Security.evtx", "ExtraDataOffset": 0, "HiddenRecord": false, "TimeCreated": "2021-03-16T15:53:48.1849421+00:00", "RecordNumber": "6668"}
{"PayloadData1": "Target: OOPS.NET\\OOPS-RESERVED$@OOPS.NET", "PayloadData2": "ServiceName: OOPS-DC$", "PayloadData3": "ServiceSid: S-1-5-21-6555176-542406784-1292789138-1000", "PayloadData4": "TicketEncryptionType: AES256-CTS-HMAC-SHA1-96", "PayloadData5": "Status: KDC_ERR_NONE - No error - No errors were found.", "RemoteHost": "::ffff:172.26.162.48:42970", "MapDescription": "A Kerberos service ticket was requested", "ChunkNumber": 0, "Computer": "OOPS-DC.oops.net", "Payload": "{\"EventData\": {\"Data\": [{\"@Name\": \"TargetUserName\", \"#text\": \"OOPS-RESERVED$@OOPS.NET\"}, {\"@Name\": \"TargetDomainName\", \"#text\": \"OOPS.NET\"}, {\"@Name\": \"ServiceName\", \"#text\": \"OOPS-DC$\"}, {\"@Name\": \"ServiceSid\", \"#text\": \"S-1-5-21-6555176-542406784-1292789138-1000\"}, {\"@Name\": \"TicketOptions\", \"#text\": \"0x40800000\"}, {\"@Name\": \"TicketEncryptionType\", \"#text\": \"0x12\"}, {\"@Name\": \"IpAddress\", \"#text\": \"::ffff:172.26.162.48\"}, {\"@Name\": \"IpPort\", \"#text\": \"42970\"}, {\"@Name\": \"Status\", \"#text\": \"0x0\"}, {\"@Name\": \"LogonGuid\", \"#text\": \"94b0d41e-0c12-4203-b744-2cd632055b27\"}, {\"@Name\": \"TransmittedServices\", \"#text\": \"-\"}]}}", "Channel": "Security", "Provider": "Microsoft-Windows-Security-Auditing", "EventId": 4769, "EventRecordId": "6670", "ProcessId": 699, "ThreadId": 7782, "Level": "LogAlways", "Keywords": "Audit success", "SourceFile": "C:\\Windows\\system32\\winevt\\Logs\\Security.evtx", "ExtraDataOffset": 0, "HiddenRecord": false, "TimeCreated": "2021-03-16T15:53:51.2712804+00:00", "RecordNumber": "6670"}
{"PayloadData1": "Target: OOPS.NET\\rouse.marilyn@OOPS.NET", "PayloadData2": "ServiceName: OOPS-DC$", "PayloadData3": "ServiceSid: S-1-5-21-6555176-542406784-1292789138-1000", "PayloadData4": "TicketEncryptionType: AES256-CTS-HMAC-SHA1-96", "PayloadData5": "Status: KDC_ERR_NONE - No error - No errors were found.", "RemoteHost": "::ffff:172.26.162.48:42972", "MapDescription": "A Kerberos service ticket was requested", "ChunkNumber": 0, "Computer": "OOPS-DC.oops.net", "Payload": "{\"EventData\": {\"Data\": [{\"@Name\": \"TargetUserName\", \"#text\": \"rouse.marilyn@OOPS.NET\"}, {\"@Name\": \"TargetDomainName\", \"#text\": \"OOPS.NET\"}, {\"@Name\": \"ServiceName\", \"#text\": \"OOPS-DC$\"}, {\"@Name\": \"ServiceSid\", \"#text\": \"S-1-5-21-6555176-542406784-1292789138-1000\"}, {\"@Name\": \"TicketOptions\", \"#text\": \"0x40810000\"}, {\"@Name\": \"TicketEncryptionType\", \"#text\": \"0x12\"}, {\"@Name\": \"IpAddress\", \"#text\": \"::ffff:172.26.162.48\"}, {\"@Name\": \"IpPort\", \"#text\": \"42972\"}, {\"@Name\": \"Status\", \"#text\": \"0x0\"}, {\"@Name\": \"LogonGuid\", \"#text\": \"d70f8a33-6e23-466b-9a61-884698d4f8a2\"}, {\"@Name\": \"TransmittedServices\", \"#text\": \"-\"}]}}", "Channel": "Security", "Provider": "Microsoft-Windows-Security-Auditing", "EventId": 4769, "EventRecordId": "6671", "ProcessId": 699, "ThreadId": 3073, "Level": "LogAlways", "Keywords": "Audit success", "SourceFile": "C:\\Windows\\system32\\winevt\\Logs\\Security.evtx", "ExtraDataOffset": 0, "HiddenRecord": false, "TimeCreated": "2021-03-16T15:53:51.3530051+00:00", "RecordNumber": "6671"}
{"PayloadData1": "Target: OOPS.NET\\OOPS-RESERVED$", "PayloadData2": "LogonType 3", "PayloadData3": "LogonId: 0X33E9A3", "UserName": "-\\-", "RemoteHost": "- (172.26.162.48)", "ExecutableInfo": "-", "MapDescription": "Successful logon", "ChunkNumber": 0, "Computer": "OOPS-DC.oops.net", "Payload": "{\"EventData\": {\"Data\": [{\"@Name\": \"SubjectUserSid\", \"#text\": \"S-1-0-0\"}, {\"@Name\": \"SubjectUserName\", \"#text\": \"-\"}, {\"@Name\": \"SubjectDomainName\", \"#text\": \"-\"}, {\"@Name\": \"SubjectLogonId\", \"#text\": \"0x0\"}, {\"@Name\": \"TargetUserSid\", \"#text\": \"S-1-5-21-6555176-542406784-1292789138-1114\"}, {\"@Name\": \"TargetUserName\", \"#text\": \"OOPS-RESERVED$\"}, {\"@Name\": \"TargetDomainName\", \"#text\": \"OOPS.NET\"}, {\"@Name\": \"TargetLogonId\", \"#text\": \"0X33E9A3\"}, {\"@Name\": \"LogonType\", \"#text\": \"3\"}, {\"@Name\": \"LogonProcessName\", \"#text\": \"Kerberos\"}, {\"@Name\": \"AuthenticationPackageName\", \"#text\": \"Kerberos\"}, {\"@Name\": \"WorkstationName\", \"#text\": \"-\"}, {\"@Name\": \"LogonGuid\", \"#text\": \"f0089dce-45f5-4098-8922-681b6fc65e5b\"}, {\"@Name\": \"TransmittedServices\", \"#text\": \"-\"}, {\"@Name\": \"LmPackageName\", \"#text\": \"-\"}, {\"@Name\": \"KeyLength\", \"#text\": \"0\"}, {\"@Name\": \"ProcessId\", \"#text\": \"0x0\"}, {\"@Name\": \"ProcessName\", \"#text\": \"-\"}, {\"@Name\": \"IpAddress\", \"#text\": \"172.26.162.48\"}, {\"@Name\": \"IpPort\", \"#text\": \"42973\"}, {\"@Name\": \"ImpersonationLevel\", \"#text\": \"%%1833\"}, {\"@Name\": \"RestrictedAdminMode\", \"#text\": \"-\"}, {\"@Name\": \"TargetOutboundUserName\", \"#text\": \"-\"}, {\"@Name\": \"TargetOutboundDomainName\", \"#text\": \"-\"}, {\"@Name\": \"VirtualAccount\", \"#text\": \"%%1843\"}, {\"@Name\": \"TargetLinkedLogonId\", \"#text\": \"0x0\"}, {\"@Name\": \"ElevatedToken\", \"#text\": \"%%1842\"}]}}", "Channel": "Security", "Provider": "Microsoft-Windows-Security-Auditing", "EventId": 4624, "EventRecordId": "6675", "ProcessId": 699, "ThreadId": 5531, "Level": "LogAlways", "Keywords": "Audit success", "SourceFile": "C:\\Windows\\system32\\winevt\\Logs\\Security.evtx", "ExtraDataOffset": 0, "HiddenRecord": false, "TimeCreated": "2021-03-16T15:53:51.3960725+00:00", "RecordNumber": "6675"}
{"PayloadData1": "Target: OOPS.NET\\OOPS-RESERVED$", "PayloadData2": "LogonType 3", "PayloadData3": "LogonId: 0X33E9D2", "UserName": "-\\-", "RemoteHost": "- (172.26.162.48)", "ExecutableInfo": "-", "MapDescription": "Successful logon", "ChunkNumber": 0, "Computer": "OOPS-DC.oops.net", "Payload": "{\"EventData\": {\"Data\": [{\"@Name\": \"SubjectUserSid\", \"#text\": \"S-1-0-0\"}, {\"@Name\": \"SubjectUserName\", \"#text\": \"-\"}, {\"@Name\": \"SubjectDomainName\", \"#text\": \"-\"}, {\"@Name\": \"SubjectLogonId\", \"#text\": \"0x0\"}, {\"@Name\": \"TargetUserSid\", \"#text\": \"S-1-5-21-6555176-542406784-1292789138-1114\"}, {\"@Name\": \"TargetUserName\", \"#text\": \"OOPS-RESERVED$\"}, {\"@Name\": \"TargetDomainName\", \"#text\": \"OOPS.NET\"}, {\"@Name\": \"TargetLogonId\", \"#text\": \"0X33E9D2\"}, {\"@Name\": \"LogonType\", \"#text\": \"3\"}, {\"@Name\": \"LogonProcessName\", \"#text\": \"Kerberos\"}, {\"@Name\": \"AuthenticationPackageName\", \"#text\": \"Kerberos\"}, {\"@Name\": \"WorkstationName\", \"#text\": \"-\"}, {\"@Name\": \"LogonGuid\", \"#text\": \"0b697d67-03b7-4179-b3be-2ae698beff16\"}, {\"@Name\": \"TransmittedServices\", \"#text\": \"-\"}, {\"@Name\": \"LmPackageName\", \"#text\": \"-\"}, {\"@Name\": \"KeyLength\", \"#text\": \"0\"}, {\"@Name\": \"ProcessId\", \"#text\": \"0x0\"}, {\"@Name\": \"ProcessName\", \"#text\": \"-\"}, {\"@Name\": \"IpAddress\", \"#text\": \"172.26.162.48\"}, {\"@Name\": \"IpPort\", \"#text\": \"42975\"}, {\"@Name\": \"ImpersonationLevel\", \"#text\": \"%%1833\"}, {\"@Name\": \"RestrictedAdminMode\", \"#text\": \"-\"}, {\"@Name\": \"TargetOutboundUserName\", \"#text\": \"-\"}, {\"@Name\": \"TargetOutboundDomainName\", \"#text\": \"-\"}, {\"@Name\": \"VirtualAccount\", \"#text\": \"%%1843\"}, {\"@Name\": \"TargetLinkedLogonId\", \"#text\": \"0x0\"}, {\"@Name\": \"ElevatedToken\", \"#text\": \"%%1842\"}]}}", "Channel": "Security", "Provider": "Microsoft-Windows-Security-Auditing", "EventId": 4624, "EventRecordId": "6679", "ProcessId": 699, "ThreadId": 5531, "Level": "LogAlways", "Keywords": "Audit success", "SourceFile": "C:\\Windows\\system32\\winevt\\Logs\\Security.evtx", "ExtraDataOffset": 0, "HiddenRecord": false, "TimeCreated": "2021-03-16T15:53:51.4377813+00:00", "RecordNumber": "6679"}
